<?xml version="1.0" encoding="UTF-8"?>
<!-- Generated by org.testng.reporters.JUnitXMLReporter -->
<testsuite hostname="DESKTOP-HVHHLB8" ignored="0" name="Testng" tests="6" failures="3" timestamp="2020-05-31T23:59:10 IST" time="85.537" errors="0">
  <testcase name="verifylogin" time="2.279" classname="test.LoginTest">
    <failure type="java.lang.AssertionError" message="The following asserts failed:
	expected [Payroll Application] but found [Login]">
      <![CDATA[java.lang.AssertionError: The following asserts failed:
expected [Payroll Application] but found [Login]
at pages.LoginPage.verifyPageTitle(LoginPage.java:71)
at test.LoginTest.verifylogin(LoginTest.java:25)
at java.util.ArrayList.forEach(ArrayList.java:1257)
... Removed 29 stack frames]]>
    </failure>
  </testcase> <!-- verifylogin -->
  <testcase name="verifylogin" time="1.368" classname="test.LoginTest">
    <failure type="java.lang.AssertionError" message="The following asserts failed:
	expected [Payroll Application] but found [Login]">
      <![CDATA[java.lang.AssertionError: The following asserts failed:
expected [Payroll Application] but found [Login]
at pages.LoginPage.verifyPageTitle(LoginPage.java:71)
at test.LoginTest.verifylogin(LoginTest.java:25)
at java.util.ArrayList.forEach(ArrayList.java:1257)
... Removed 29 stack frames]]>
    </failure>
  </testcase> <!-- verifylogin -->
  <testcase name="verifylogin" time="1.444" classname="test.LoginTest">
    <failure type="java.lang.AssertionError" message="The following asserts failed:
	expected [Payroll Application] but found [Login]">
      <![CDATA[java.lang.AssertionError: The following asserts failed:
expected [Payroll Application] but found [Login]
at pages.LoginPage.verifyPageTitle(LoginPage.java:71)
at test.LoginTest.verifylogin(LoginTest.java:25)
at java.util.ArrayList.forEach(ArrayList.java:1257)
... Removed 29 stack frames]]>
    </failure>
  </testcase> <!-- verifylogin -->
  <testcase name="verifylogin" time="3.516" classname="test.LoginTest"/>
  <testcase name="opended" time="18.929" classname="test.DeductionPageTest"/>
  <testcase name="opendedtab" time="13.961" classname="test.DeductionsNavigationtest"/>
</testsuite> <!-- Testng -->
